<?xml version="1.0" encoding="UTF-8"?>
<testng-results ignored="0" total="1" passed="1" failed="0" skipped="0">
  <reporter-output>
  </reporter-output>
  <suite started-at="2022-12-01T16:03:57 EET" name="Default suite" finished-at="2022-12-01T16:04:16 EET" duration-ms="18393">
    <groups>
    </groups>
    <test started-at="2022-12-01T16:03:57 EET" name="Default test" finished-at="2022-12-01T16:04:16 EET" duration-ms="18393">
      <class name="practice_smart_buy.opensooq">
        <test-method is-config="true" signature="this_is_before_test()[pri:0, instance:practice_smart_buy.opensooq@661972b0]" started-at="2022-12-01T16:03:57 EET" name="this_is_before_test" finished-at="2022-12-01T16:04:13 EET" duration-ms="15897" status="PASS">
          <reporter-output>
          </reporter-output>
        </test-method> <!-- this_is_before_test -->
        <test-method signature="check_the_items()[pri:0, instance:practice_smart_buy.opensooq@661972b0]" started-at="2022-12-01T16:04:13 EET" name="check_the_items" finished-at="2022-12-01T16:04:16 EET" duration-ms="2448" status="PASS">
          <reporter-output>
          </reporter-output>
        </test-method> <!-- check_the_items -->
      </class> <!-- practice_smart_buy.opensooq -->
    </test> <!-- Default test -->
  </suite> <!-- Default suite -->
</testng-results>
